
5월 09, 2018 08:10:14.31 NEW SESSION
5월 09, 2018 08:10:14.31 [1188:3600:0509/081014.311:ERROR:in_progress_cache_impl.cc(93)] Could not read download entries from file because there was a read failure.
5월 09, 2018 08:10:17.60 [1188:5248:0509/081017.601:ERROR:cookie_monster.cc(891)] Found cookies with duplicate creation times in backing store: {name='_gid', domain='.clearboth.org', path='/'}
5월 09, 2018 08:10:17.60 [1188:5248:0509/081017.601:ERROR:cookie_monster.cc(891)] Found cookies with duplicate creation times in backing store: {name='_gid', domain='.convertio.co', path='/'}
5월 09, 2018 08:10:17.60 [1188:5248:0509/081017.601:ERROR:cookie_monster.cc(891)] Found cookies with duplicate creation times in backing store: {name='__utmz', domain='.disqus.com', path='/'}
5월 09, 2018 08:10:17.60 [1188:5248:0509/081017.601:ERROR:cookie_monster.cc(891)] Found cookies with duplicate creation times in backing store: {name='_pk_ses.17.d5e4', domain='.ekn.kr', path='/'}
5월 09, 2018 08:10:17.60 [1188:5248:0509/081017.602:ERROR:cookie_monster.cc(891)] Found cookies with duplicate creation times in backing store: {name='_gid', domain='.engintruder.com', path='/'}
5월 09, 2018 08:10:17.60 [1188:5248:0509/081017.602:ERROR:cookie_monster.cc(891)] Found cookies with duplicate creation times in backing store: {name='_gid', domain='.etorrent.co.kr', path='/'}
5월 09, 2018 08:10:17.60 [1188:5248:0509/081017.602:ERROR:cookie_monster.cc(891)] Found cookies with duplicate creation times in backing store: {name='RC_RESOLUTION', domain='.hrd.go.kr', path='/'}
5월 09, 2018 08:10:17.61 [1188:5248:0509/081017.602:ERROR:cookie_monster.cc(891)] Found cookies with duplicate creation times in backing store: {name='_gid', domain='.i-harness.com', path='/'}
5월 09, 2018 08:10:17.61 [1188:5248:0509/081017.602:ERROR:cookie_monster.cc(891)] Found cookies with duplicate creation times in backing store: {name='_gid', domain='.ilbe.com', path='/'}
5월 09, 2018 08:10:17.61 [1188:5248:0509/081017.602:ERROR:cookie_monster.cc(891)] Found cookies with duplicate creation times in backing store: {name='_gid', domain='.named.com', path='/'}
5월 09, 2018 08:10:17.61 [1188:5248:0509/081017.602:ERROR:cookie_monster.cc(891)] Found cookies with duplicate creation times in backing store: {name='_gid', domain='.opentutorials.org', path='/'}
5월 09, 2018 08:10:17.61 [1188:5248:0509/081017.603:ERROR:cookie_monster.cc(891)] Found cookies with duplicate creation times in backing store: {name='__utmz', domain='.egnmomo.tistory.com', path='/'}
5월 09, 2018 08:10:17.61 [1188:5248:0509/081017.603:ERROR:cookie_monster.cc(891)] Found cookies with duplicate creation times in backing store: {name='_gid', domain='.uptodown.com', path='/'}
5월 09, 2018 08:10:17.61 [1188:5248:0509/081017.603:ERROR:cookie_monster.cc(891)] Found cookies with duplicate creation times in backing store: {name='_gid', domain='.web-n.github.io', path='/'}
5월 09, 2018 08:10:17.61 [1188:5248:0509/081017.603:ERROR:cookie_monster.cc(891)] Found cookies with duplicate creation times in backing store: {name='_gid', domain='.webpagefx.com', path='/'}
5월 09, 2018 08:36:38.04 [1624:5456:0509/083638.049:ERROR:in_progress_cache_impl.cc(93)] Could not read download entries from file because there was a read failure.
5월 09, 2018 08:36:38.65 [1624:5884:0509/083638.650:ERROR:cookie_monster.cc(891)] Found cookies with duplicate creation times in backing store: {name='_gid', domain='.clearboth.org', path='/'}
5월 09, 2018 08:36:38.65 [1624:5884:0509/083638.650:ERROR:cookie_monster.cc(891)] Found cookies with duplicate creation times in backing store: {name='_gid', domain='.convertio.co', path='/'}
5월 09, 2018 08:36:38.65 [1624:5884:0509/083638.650:ERROR:cookie_monster.cc(891)] Found cookies with duplicate creation times in backing store: {name='__utmz', domain='.disqus.com', path='/'}
5월 09, 2018 08:36:38.65 [1624:5884:0509/083638.650:ERROR:cookie_monster.cc(891)] Found cookies with duplicate creation times in backing store: {name='_pk_ses.17.d5e4', domain='.ekn.kr', path='/'}
5월 09, 2018 08:36:38.65 [1624:5884:0509/083638.650:ERROR:cookie_monster.cc(891)] Found cookies with duplicate creation times in backing store: {name='_gid', domain='.engintruder.com', path='/'}
5월 09, 2018 08:36:38.65 [1624:5884:0509/083638.651:ERROR:cookie_monster.cc(891)] Found cookies with duplicate creation times in backing store: {name='_gid', domain='.etorrent.co.kr', path='/'}
5월 09, 2018 08:36:38.65 [1624:5884:0509/083638.651:ERROR:cookie_monster.cc(891)] Found cookies with duplicate creation times in backing store: {name='RC_RESOLUTION', domain='.hrd.go.kr', path='/'}
5월 09, 2018 08:36:38.65 [1624:5884:0509/083638.651:ERROR:cookie_monster.cc(891)] Found cookies with duplicate creation times in backing store: {name='_gid', domain='.i-harness.com', path='/'}
5월 09, 2018 08:36:38.66 [1624:5884:0509/083638.651:ERROR:cookie_monster.cc(891)] Found cookies with duplicate creation times in backing store: {name='_gid', domain='.ilbe.com', path='/'}
5월 09, 2018 08:36:38.66 [1624:5884:0509/083638.651:ERROR:cookie_monster.cc(891)] Found cookies with duplicate creation times in backing store: {name='_gid', domain='.named.com', path='/'}
5월 09, 2018 08:36:38.66 [1624:5884:0509/083638.651:ERROR:cookie_monster.cc(891)] Found cookies with duplicate creation times in backing store: {name='_gid', domain='.opentutorials.org', path='/'}
5월 09, 2018 08:36:38.66 [1624:5884:0509/083638.652:ERROR:cookie_monster.cc(891)] Found cookies with duplicate creation times in backing store: {name='__utmz', domain='.egnmomo.tistory.com', path='/'}
5월 09, 2018 08:36:38.66 [1624:5884:0509/083638.652:ERROR:cookie_monster.cc(891)] Found cookies with duplicate creation times in backing store: {name='_gid', domain='.uptodown.com', path='/'}
5월 09, 2018 08:36:38.66 [1624:5884:0509/083638.652:ERROR:cookie_monster.cc(891)] Found cookies with duplicate creation times in backing store: {name='_gid', domain='.web-n.github.io', path='/'}
5월 09, 2018 08:36:38.66 [1624:5884:0509/083638.652:ERROR:cookie_monster.cc(891)] Found cookies with duplicate creation times in backing store: {name='_gid', domain='.webpagefx.com', path='/'}
